<?xml version="1.0" encoding="UTF-8"?>
<!-- Generated by org.testng.reporters.JUnitXMLReporter -->
<testsuite ignored="0" hostname="Samanvitha" failures="0" tests="3" name="Default test" time="51.14" errors="0" timestamp="2026-04-21T16:20:34 IST">
  <testcase classname="tests.RouteSearchTest" name="testMultipleRoutes" time="2.33"/>
  <testcase classname="tests.RouteSearchTest" name="testMultipleRoutes" time="5.12"/>
  <testcase classname="tests.RouteSearchTest" name="testMultipleRoutes" time="3.381"/>
</testsuite> <!-- Default test -->
