<?xml version="1.0" encoding="UTF-8"?>
<!-- Generated by org.testng.reporters.JUnitReportReporter -->
<testsuite hostname="Samanvitha" failures="0" tests="3" name="tests.RouteSearchTest" time="62.908" errors="0" timestamp="2026-04-21T16:35:59 IST" skipped="0">
  <testcase classname="tests.RouteSearchTest" name="testMultipleRoutes" time="17.125"/>
  <testcase classname="tests.RouteSearchTest" name="testMultipleRoutes" time="32.988"/>
  <testcase classname="tests.RouteSearchTest" name="testMultipleRoutes" time="12.795"/>
</testsuite> <!-- tests.RouteSearchTest -->
