<?xml version="1.0" encoding="UTF-8"?>
<!-- Generated by org.testng.reporters.JUnitXMLReporter -->
<testsuite ignored="0" hostname="Samanvitha" failures="0" tests="7" name="FlightTests" time="139.119" errors="0" timestamp="2026-04-21T16:35:59 IST">
  <testcase classname="tests.FlightSearchTest" name="testFlightSearch" time="2.516"/>
  <testcase classname="tests.FlightSelectionTest" name="testFlightSelection" time="7.391"/>
  <testcase classname="tests.PurchaseTest" name="testFlightBooking" time="6.997"/>
  <testcase classname="tests.RouteSearchTest" name="testMultipleRoutes" time="3.92"/>
  <testcase classname="tests.RouteSearchTest" name="testMultipleRoutes" time="20.447"/>
  <testcase classname="tests.RouteSearchTest" name="testMultipleRoutes" time="10.778"/>
  <testcase classname="tests.ValidationTest" name="testEmptyNameValidation" time="13.963"/>
</testsuite> <!-- FlightTests -->
